<?xml version="1.0" encoding="UTF-8"?>
<!-- Generated by org.testng.reporters.JUnitXMLReporter -->
<testsuite hostname="hp-PC" name="TrackX.truelocate Creation Flow" tests="2" failures="1" timestamp="3 Jan 2018 11:02:55 GMT" time="166.128" errors="0">
  <testcase name="userclickflow" time="6.719" classname="com.trackx.truelocate.flow.IMRegionCreateFlow"/>
  <testcase name="regionCreateFlow" time="145.35" classname="com.trackx.truelocate.flow.IMRegionCreateFlow">
    <failure type="java.lang.AssertionError" message="expected [Region added successfully] but found []">
      <![CDATA[java.lang.AssertionError: expected [Region added successfully] but found []
	at com.trackx.truelocate.flow.IMRegionCreateFlow.regionCreateFlow(IMRegionCreateFlow.java:88)
... Removed 29 stack frames]]>
    </failure>
  </testcase> <!-- regionCreateFlow -->
</testsuite> <!-- TrackX.truelocate Creation Flow -->
