<?xml version="1.0" encoding="UTF-8"?>
<!-- Generated by org.testng.reporters.JUnitXMLReporter -->
<testsuite hostname="hp-PC" name="TrackX.truelocate DeleteFlow" tests="2" failures="0" timestamp="3 Jan 2018 09:35:14 GMT" time="50.898" errors="0">
  <testcase name="userclickflow" time="13.954" classname="com.trackx.truelocate.flow.IMRegionDeleteFlow"/>
  <testcase name="regionDeleteFlow" time="24.07" classname="com.trackx.truelocate.flow.IMRegionDeleteFlow"/>
</testsuite> <!-- TrackX.truelocate DeleteFlow -->
