<?xml version="1.0" encoding="UTF-8"?>
<!-- Generated by org.testng.reporters.JUnitXMLReporter -->
<testsuite hostname="hp-PC" name="TrackX.truelocate Advanced FilterFlow" tests="2" failures="0" timestamp="3 Jan 2018 09:34:23 GMT" time="33.603" errors="0">
  <testcase name="userLogin" time="13.517" classname="com.trackx.truelocate.flow.RegionAdvancedFilterFlow"/>
  <testcase name="regionAdvancedFilterFlow" time="8.048" classname="com.trackx.truelocate.flow.RegionAdvancedFilterFlow"/>
</testsuite> <!-- TrackX.truelocate Advanced FilterFlow -->
