<?xml version="1.0" encoding="UTF-8"?>
<!-- Generated by org.testng.reporters.JUnitXMLReporter -->
<testsuite hostname="hp-PC" name="TrackX.truelocate GlobalFilterFlow" tests="2" failures="0" timestamp="3 Jan 2018 09:33:49 GMT" time="35.726" errors="0">
  <testcase name="userclickflow" time="12.893" classname="com.trackx.truelocate.flow.RegionGlobalFilterFlow"/>
  <testcase name="regionGlobalFilterFlow" time="8.035" classname="com.trackx.truelocate.flow.RegionGlobalFilterFlow"/>
</testsuite> <!-- TrackX.truelocate GlobalFilterFlow -->
