<?xml version="1.0" encoding="UTF-8"?>
<!-- Generated by org.testng.reporters.JUnitXMLReporter -->
<testsuite hostname="hp-PC" name="TrackX.truelocate EditFlow" tests="2" failures="1" timestamp="4 Jan 2018 11:19:38 GMT" time="104.442" errors="0">
  <testcase name="userclickflow" time="15.361" classname="com.trackx.truelocate.flow.AssetEditFlow"/>
  <testcase name="assetlistEditFlow" time="73.379" classname="com.trackx.truelocate.flow.AssetEditFlow">
    <failure type="java.lang.AssertionError" message="expected [Asset updated successfully] but found []">
      <![CDATA[java.lang.AssertionError: expected [Asset updated successfully] but found []
	at com.trackx.truelocate.flow.AssetEditFlow.assetlistEditFlow(AssetEditFlow.java:91)
... Removed 29 stack frames]]>
    </failure>
  </testcase> <!-- assetlistEditFlow -->
</testsuite> <!-- TrackX.truelocate EditFlow -->
