<?xml version="1.0" encoding="UTF-8"?>
<testng-results skipped="0" failed="1" total="2" passed="1">
  <reporter-output>
    <line>
      <![CDATA[Success : Element is  visible]]>
    </line>
    <line>
      <![CDATA[Success : Element is  visible]]>
    </line>
    <line>
      <![CDATA[Success : Element is  Clickable]]>
    </line>
    <line>
      <![CDATA[Failed : Element is not visible]]>
    </line>
    <line>
      <![CDATA[Failed : Element is not Clickable]]>
    </line>
    <line>
      <![CDATA[Failed : Element is not visible]]>
    </line>
    <line>
      <![CDATA[Failed : Element is not Clickable]]>
    </line>
    <line>
      <![CDATA[Failed : Element is not Clickable]]>
    </line>
    <line>
      <![CDATA[Failed : Element is not visible]]>
    </line>
  </reporter-output>
  <suite name="TrackX.truelocate Suite" duration-ms="104442" started-at="2018-01-04T11:17:54Z" finished-at="2018-01-04T11:19:38Z">
    <groups>
    </groups>
    <test name="TrackX.truelocate EditFlow" duration-ms="104442" started-at="2018-01-04T11:17:54Z" finished-at="2018-01-04T11:19:38Z">
      <class name="com.trackx.truelocate.flow.AssetEditFlow">
        <test-method status="PASS" signature="excelCreation()[pri:0, instance:com.trackx.truelocate.flow.AssetEditFlow@47faa49c]" name="excelCreation" is-config="true" duration-ms="94" started-at="2018-01-04T16:47:54Z" finished-at="2018-01-04T16:47:54Z">
          <reporter-output>
          </reporter-output>
        </test-method> <!-- excelCreation -->
        <test-method status="PASS" signature="setUp()[pri:0, instance:com.trackx.truelocate.flow.AssetEditFlow@47faa49c]" name="setUp" is-config="true" duration-ms="8403" started-at="2018-01-04T16:47:54Z" finished-at="2018-01-04T16:48:02Z">
          <reporter-output>
          </reporter-output>
        </test-method> <!-- setUp -->
        <test-method status="PASS" signature="userclickflow(java.lang.String, java.lang.String)[pri:0, instance:com.trackx.truelocate.flow.AssetEditFlow@47faa49c]" name="userclickflow" duration-ms="15361" started-at="2018-01-04T16:48:02Z" data-provider="getData" finished-at="2018-01-04T16:48:18Z">
          <params>
            <param index="0">
              <value>
                <![CDATA[rb.admin@gmail.com]]>
              </value>
            </param>
            <param index="1">
              <value>
                <![CDATA[Test@123]]>
              </value>
            </param>
          </params>
          <reporter-output>
            <line>
              <![CDATA[Success : Element is  visible]]>
            </line>
            <line>
              <![CDATA[Success : Element is  visible]]>
            </line>
            <line>
              <![CDATA[Success : Element is  Clickable]]>
            </line>
          </reporter-output>
        </test-method> <!-- userclickflow -->
        <test-method status="FAIL" signature="assetlistEditFlow(java.lang.String, java.lang.String, java.lang.String, java.lang.String, java.lang.String, java.lang.String, java.lang.String, java.lang.String, java.lang.String, java.lang.String)[pri:0, instance:com.trackx.truelocate.flow.AssetEditFlow@47faa49c]" name="assetlistEditFlow" duration-ms="73379" started-at="2018-01-04T16:48:18Z" data-provider="createData" finished-at="2018-01-04T16:49:31Z">
          <params>
            <param index="0">
              <value>
                <![CDATA[1234566]]>
              </value>
            </param>
            <param index="1">
              <value>
                <![CDATA[Stock1321]]>
              </value>
            </param>
            <param index="2">
              <value>
                <![CDATA[AAA]]>
              </value>
            </param>
            <param index="3">
              <value>
                <![CDATA[AAA]]>
              </value>
            </param>
            <param index="4">
              <value>
                <![CDATA[Available]]>
              </value>
            </param>
            <param index="5">
              <value>
                <![CDATA[Available]]>
              </value>
            </param>
            <param index="6">
              <value>
                <![CDATA[]]>
              </value>
            </param>
            <param index="7">
              <value>
                <![CDATA[]]>
              </value>
            </param>
            <param index="8">
              <value>
                <![CDATA[]]>
              </value>
            </param>
            <param index="9">
              <value>
                <![CDATA[]]>
              </value>
            </param>
          </params>
          <exception class="java.lang.AssertionError">
            <message>
              <![CDATA[expected [Asset updated successfully] but found []]]>
            </message>
            <full-stacktrace>
              <![CDATA[java.lang.AssertionError: expected [Asset updated successfully] but found []
	at org.testng.Assert.fail(Assert.java:94)
	at org.testng.Assert.failNotEquals(Assert.java:494)
	at org.testng.Assert.assertEquals(Assert.java:123)
	at org.testng.Assert.assertEquals(Assert.java:176)
	at org.testng.Assert.assertEquals(Assert.java:186)
	at com.trackx.truelocate.flow.AssetEditFlow.assetlistEditFlow(AssetEditFlow.java:91)
	at sun.reflect.NativeMethodAccessorImpl.invoke0(Native Method)
	at sun.reflect.NativeMethodAccessorImpl.invoke(NativeMethodAccessorImpl.java:62)
	at sun.reflect.DelegatingMethodAccessorImpl.invoke(DelegatingMethodAccessorImpl.java:43)
	at java.lang.reflect.Method.invoke(Method.java:498)
	at org.testng.internal.MethodInvocationHelper.invokeMethod(MethodInvocationHelper.java:80)
	at org.testng.internal.Invoker.invokeMethod(Invoker.java:714)
	at org.testng.internal.Invoker.invokeTestMethod(Invoker.java:901)
	at org.testng.internal.Invoker.invokeTestMethods(Invoker.java:1231)
	at org.testng.internal.TestMethodWorker.invokeTestMethods(TestMethodWorker.java:127)
	at org.testng.internal.TestMethodWorker.run(TestMethodWorker.java:111)
	at org.testng.TestRunner.privateRun(TestRunner.java:767)
	at org.testng.TestRunner.run(TestRunner.java:617)
	at org.testng.SuiteRunner.runTest(SuiteRunner.java:334)
	at org.testng.SuiteRunner.runSequentially(SuiteRunner.java:329)
	at org.testng.SuiteRunner.privateRun(SuiteRunner.java:291)
	at org.testng.SuiteRunner.run(SuiteRunner.java:240)
	at org.testng.SuiteRunnerWorker.runSuite(SuiteRunnerWorker.java:52)
	at org.testng.SuiteRunnerWorker.run(SuiteRunnerWorker.java:86)
	at org.testng.TestNG.runSuitesSequentially(TestNG.java:1198)
	at org.testng.TestNG.runSuitesLocally(TestNG.java:1123)
	at org.testng.TestNG.run(TestNG.java:1031)
	at org.testng.remote.AbstractRemoteTestNG.run(AbstractRemoteTestNG.java:114)
	at org.testng.remote.RemoteTestNG.initAndRun(RemoteTestNG.java:251)
	at org.testng.remote.RemoteTestNG.main(RemoteTestNG.java:77)
]]>
            </full-stacktrace>
          </exception> <!-- java.lang.AssertionError -->
          <reporter-output>
            <line>
              <![CDATA[Failed : Element is not visible]]>
            </line>
            <line>
              <![CDATA[Failed : Element is not Clickable]]>
            </line>
            <line>
              <![CDATA[Failed : Element is not visible]]>
            </line>
            <line>
              <![CDATA[Failed : Element is not Clickable]]>
            </line>
            <line>
              <![CDATA[Failed : Element is not Clickable]]>
            </line>
            <line>
              <![CDATA[Failed : Element is not visible]]>
            </line>
          </reporter-output>
        </test-method> <!-- assetlistEditFlow -->
        <test-method status="PASS" signature="quitDriver()[pri:0, instance:com.trackx.truelocate.flow.AssetEditFlow@47faa49c]" name="quitDriver" is-config="true" duration-ms="7235" started-at="2018-01-04T16:49:31Z" finished-at="2018-01-04T16:49:38Z">
          <reporter-output>
          </reporter-output>
        </test-method> <!-- quitDriver -->
        <test-method status="PASS" signature="suiteTearDown()[pri:0, instance:com.trackx.truelocate.flow.AssetEditFlow@47faa49c]" name="suiteTearDown" is-config="true" duration-ms="154" started-at="2018-01-04T16:49:38Z" finished-at="2018-01-04T16:49:39Z">
          <reporter-output>
          </reporter-output>
        </test-method> <!-- suiteTearDown -->
      </class> <!-- com.trackx.truelocate.flow.AssetEditFlow -->
    </test> <!-- TrackX.truelocate EditFlow -->
  </suite> <!-- TrackX.truelocate Suite -->
</testng-results>
